This is pdfTeX, Version 3.14159265-2.6-1.40.20 (MiKTeX 2.9.7200 64-bit) (preloaded format=pdflatex 2019.11.4)  20 FEB 2020 19:56
entering extended mode
**./presentation.tex
(presentation.tex
LaTeX2e <2019-10-01> patch level 1

(C:\Users\AdrianBostelmann\AppData\Roaming\MiKTeX\2.9\tex/latex/beamer\beamer.c
ls
Document Class: beamer 2019/09/29 v3.57 A class for typesetting presentations

(C:\Users\AdrianBostelmann\AppData\Roaming\MiKTeX\2.9\tex/latex/beamer\beamerba
semodes.sty
(C:\Users\AdrianBostelmann\AppData\Roaming\MiKTeX\2.9\tex/latex/etoolbox\etoolb
ox.sty
Package: etoolbox 2019/09/21 v2.5h e-TeX tools for LaTeX (JAW)
\etb@tempcnta=\count80
)
\beamer@tempbox=\box27
\beamer@tempcount=\count81
\c@beamerpauses=\count82

(C:\Users\AdrianBostelmann\AppData\Roaming\MiKTeX\2.9\tex/latex/beamer\beamerba
sedecode.sty
\beamer@slideinframe=\count83
\beamer@minimum=\count84
\beamer@decode@box=\box28
)
\beamer@commentbox=\box29
\beamer@modecount=\count85
)
(C:\Users\AdrianBostelmann\AppData\Roaming\MiKTeX\2.9\tex/generic/iftex\ifpdf.s
ty
Package: ifpdf 2019/10/25 v3.4 ifpdf legacy package. Use iftex instead.

(C:\Users\AdrianBostelmann\AppData\Roaming\MiKTeX\2.9\tex/generic/iftex\iftex.s
ty
Package: iftex 2019/10/24 v1.0a TeX engine tests
))
\headdp=\dimen102
\footheight=\dimen103
\sidebarheight=\dimen104
\beamer@tempdim=\dimen105
\beamer@finalheight=\dimen106
\beamer@animht=\dimen107
\beamer@animdp=\dimen108
\beamer@animwd=\dimen109
\beamer@leftmargin=\dimen110
\beamer@rightmargin=\dimen111
\beamer@leftsidebar=\dimen112
\beamer@rightsidebar=\dimen113
\beamer@boxsize=\dimen114
\beamer@vboxoffset=\dimen115
\beamer@descdefault=\dimen116
\beamer@descriptionwidth=\dimen117
\beamer@lastskip=\skip41
\beamer@areabox=\box30
\beamer@animcurrent=\box31
\beamer@animshowbox=\box32
\beamer@sectionbox=\box33
\beamer@logobox=\box34
\beamer@linebox=\box35
\beamer@sectioncount=\count86
\beamer@subsubsectionmax=\count87
\beamer@subsectionmax=\count88
\beamer@sectionmax=\count89
\beamer@totalheads=\count90
\beamer@headcounter=\count91
\beamer@partstartpage=\count92
\beamer@sectionstartpage=\count93
\beamer@subsectionstartpage=\count94
\beamer@animationtempa=\count95
\beamer@animationtempb=\count96
\beamer@xpos=\count97
\beamer@ypos=\count98
\beamer@ypos@offset=\count99
\beamer@showpartnumber=\count100
\beamer@currentsubsection=\count101
\beamer@coveringdepth=\count102
\beamer@sectionadjust=\count103
\beamer@tocsectionnumber=\count104

(C:\Users\AdrianBostelmann\AppData\Roaming\MiKTeX\2.9\tex/latex/beamer\beamerba
seoptions.sty ("C:\Program Files\MiKTeX 2.9\tex/latex/graphics\keyval.sty"
Package: keyval 2014/10/28 v1.15 key=value parser (DPC)
\KV@toks@=\toks14
))
\beamer@paperwidth=\skip42
\beamer@paperheight=\skip43

("C:\Program Files\MiKTeX 2.9\tex/latex/geometry\geometry.sty"
Package: geometry 2018/04/16 v5.8 Page Geometry

(C:\Users\AdrianBostelmann\AppData\Roaming\MiKTeX\2.9\tex/generic/iftex\ifvtex.
sty
Package: ifvtex 2019/10/25 v1.7 ifvtex legacy package. Use iftex instead.
)
(C:\Users\AdrianBostelmann\AppData\Roaming\MiKTeX\2.9\tex/generic/iftex\ifxetex
.sty
Package: ifxetex 2019/10/25 v0.7 ifxetex legacy package. Use iftex instead.
)
\Gm@cnth=\count105
\Gm@cntv=\count106
\c@Gm@tempcnt=\count107
\Gm@bindingoffset=\dimen118
\Gm@wd@mp=\dimen119
\Gm@odd@mp=\dimen120
\Gm@even@mp=\dimen121
\Gm@layoutwidth=\dimen122
\Gm@layoutheight=\dimen123
\Gm@layouthoffset=\dimen124
\Gm@layoutvoffset=\dimen125
\Gm@dimlist=\toks15
 ("C:\Program Files\MiKTeX 2.9\tex/latex/geometry\geometry.cfg"))
("C:\Program Files\MiKTeX 2.9\tex/latex/base\size11.clo"
File: size11.clo 2019/08/27 v1.4j Standard LaTeX file (size option)
)
(C:\Users\AdrianBostelmann\AppData\Roaming\MiKTeX\2.9\tex/latex/pgf/basiclayer\
pgfcore.sty ("C:\Program Files\MiKTeX 2.9\tex/latex/graphics\graphicx.sty"
Package: graphicx 2017/06/01 v1.1a Enhanced LaTeX Graphics (DPC,SPQR)

("C:\Program Files\MiKTeX 2.9\tex/latex/graphics\graphics.sty"
Package: graphics 2019/10/08 v1.3c Standard LaTeX Graphics (DPC,SPQR)

("C:\Program Files\MiKTeX 2.9\tex/latex/graphics\trig.sty"
Package: trig 2016/01/03 v1.10 sin cos tan (DPC)
)
("C:\Program Files\MiKTeX 2.9\tex/latex/graphics-cfg\graphics.cfg"
File: graphics.cfg 2016/06/04 v1.11 sample graphics configuration
)
Package graphics Info: Driver file: pdftex.def on input line 105.

("C:\Program Files\MiKTeX 2.9\tex/latex/graphics-def\pdftex.def"
File: pdftex.def 2018/01/08 v1.0l Graphics/color driver for pdftex
))
\Gin@req@height=\dimen126
\Gin@req@width=\dimen127
)
(C:\Users\AdrianBostelmann\AppData\Roaming\MiKTeX\2.9\tex/latex/pgf/systemlayer
\pgfsys.sty
(C:\Users\AdrianBostelmann\AppData\Roaming\MiKTeX\2.9\tex/latex/pgf/utilities\p
gfrcs.sty
(C:\Users\AdrianBostelmann\AppData\Roaming\MiKTeX\2.9\tex/generic/pgf/utilities
\pgfutil-common.tex
\pgfutil@everybye=\toks16
\pgfutil@tempdima=\dimen128
\pgfutil@tempdimb=\dimen129

(C:\Users\AdrianBostelmann\AppData\Roaming\MiKTeX\2.9\tex/generic/pgf/utilities
\pgfutil-common-lists.tex))
(C:\Users\AdrianBostelmann\AppData\Roaming\MiKTeX\2.9\tex/generic/pgf/utilities
\pgfutil-latex.def
\pgfutil@abb=\box36

(C:\Users\AdrianBostelmann\AppData\Roaming\MiKTeX\2.9\tex/latex/ms\everyshi.sty
Package: everyshi 2001/05/15 v3.00 EveryShipout Package (MS)
))
(C:\Users\AdrianBostelmann\AppData\Roaming\MiKTeX\2.9\tex/generic/pgf/utilities
\pgfrcs.code.tex
(C:\Users\AdrianBostelmann\AppData\Roaming\MiKTeX\2.9\tex/generic/pgf\pgf.revis
ion.tex)
Package: pgfrcs 2019/08/03 v3.1.4b (3.1.4b)
))
(C:\Users\AdrianBostelmann\AppData\Roaming\MiKTeX\2.9\tex/generic/pgf/systemlay
er\pgfsys.code.tex
Package: pgfsys 2019/08/03 v3.1.4b (3.1.4b)

(C:\Users\AdrianBostelmann\AppData\Roaming\MiKTeX\2.9\tex/generic/pgf/utilities
\pgfkeys.code.tex
\pgfkeys@pathtoks=\toks17
\pgfkeys@temptoks=\toks18

(C:\Users\AdrianBostelmann\AppData\Roaming\MiKTeX\2.9\tex/generic/pgf/utilities
\pgfkeysfiltered.code.tex
\pgfkeys@tmptoks=\toks19
))
\pgf@x=\dimen130
\pgf@y=\dimen131
\pgf@xa=\dimen132
\pgf@ya=\dimen133
\pgf@xb=\dimen134
\pgf@yb=\dimen135
\pgf@xc=\dimen136
\pgf@yc=\dimen137
\pgf@xd=\dimen138
\pgf@yd=\dimen139
\w@pgf@writea=\write3
\r@pgf@reada=\read1
\c@pgf@counta=\count108
\c@pgf@countb=\count109
\c@pgf@countc=\count110
\c@pgf@countd=\count111
\t@pgf@toka=\toks20
\t@pgf@tokb=\toks21
\t@pgf@tokc=\toks22
\pgf@sys@id@count=\count112

(C:\Users\AdrianBostelmann\AppData\Roaming\MiKTeX\2.9\tex/generic/pgf/systemlay
er\pgf.cfg
File: pgf.cfg 2019/08/03 v3.1.4b (3.1.4b)
)
Driver file for pgf: pgfsys-pdftex.def

(C:\Users\AdrianBostelmann\AppData\Roaming\MiKTeX\2.9\tex/generic/pgf/systemlay
er\pgfsys-pdftex.def
File: pgfsys-pdftex.def 2019/08/03 v3.1.4b (3.1.4b)

(C:\Users\AdrianBostelmann\AppData\Roaming\MiKTeX\2.9\tex/generic/pgf/systemlay
er\pgfsys-common-pdf.def
File: pgfsys-common-pdf.def 2019/08/03 v3.1.4b (3.1.4b)
)))
(C:\Users\AdrianBostelmann\AppData\Roaming\MiKTeX\2.9\tex/generic/pgf/systemlay
er\pgfsyssoftpath.code.tex
File: pgfsyssoftpath.code.tex 2019/08/03 v3.1.4b (3.1.4b)
\pgfsyssoftpath@smallbuffer@items=\count113
\pgfsyssoftpath@bigbuffer@items=\count114
)
(C:\Users\AdrianBostelmann\AppData\Roaming\MiKTeX\2.9\tex/generic/pgf/systemlay
er\pgfsysprotocol.code.tex
File: pgfsysprotocol.code.tex 2019/08/03 v3.1.4b (3.1.4b)
))
(C:\Users\AdrianBostelmann\AppData\Roaming\MiKTeX\2.9\tex/latex/xcolor\xcolor.s
ty
Package: xcolor 2016/05/11 v2.12 LaTeX color extensions (UK)
 ("C:\Program Files\MiKTeX 2.9\tex/latex/graphics-cfg\color.cfg"
File: color.cfg 2016/01/02 v1.6 sample color configuration
)
Package xcolor Info: Driver file: pdftex.def on input line 225.
Package xcolor Info: Model `cmy' substituted by `cmy0' on input line 1348.
Package xcolor Info: Model `hsb' substituted by `rgb' on input line 1352.
Package xcolor Info: Model `RGB' extended on input line 1364.
Package xcolor Info: Model `HTML' substituted by `rgb' on input line 1366.
Package xcolor Info: Model `Hsb' substituted by `hsb' on input line 1367.
Package xcolor Info: Model `tHsb' substituted by `hsb' on input line 1368.
Package xcolor Info: Model `HSB' substituted by `hsb' on input line 1369.
Package xcolor Info: Model `Gray' substituted by `gray' on input line 1370.
Package xcolor Info: Model `wave' substituted by `hsb' on input line 1371.
)
(C:\Users\AdrianBostelmann\AppData\Roaming\MiKTeX\2.9\tex/generic/pgf/basiclaye
r\pgfcore.code.tex
Package: pgfcore 2019/08/03 v3.1.4b (3.1.4b)

(C:\Users\AdrianBostelmann\AppData\Roaming\MiKTeX\2.9\tex/generic/pgf/math\pgfm
ath.code.tex
(C:\Users\AdrianBostelmann\AppData\Roaming\MiKTeX\2.9\tex/generic/pgf/math\pgfm
athcalc.code.tex
(C:\Users\AdrianBostelmann\AppData\Roaming\MiKTeX\2.9\tex/generic/pgf/math\pgfm
athutil.code.tex)
(C:\Users\AdrianBostelmann\AppData\Roaming\MiKTeX\2.9\tex/generic/pgf/math\pgfm
athparser.code.tex
\pgfmath@dimen=\dimen140
\pgfmath@count=\count115
\pgfmath@box=\box37
\pgfmath@toks=\toks23
\pgfmath@stack@operand=\toks24
\pgfmath@stack@operation=\toks25
)
(C:\Users\AdrianBostelmann\AppData\Roaming\MiKTeX\2.9\tex/generic/pgf/math\pgfm
athfunctions.code.tex
(C:\Users\AdrianBostelmann\AppData\Roaming\MiKTeX\2.9\tex/generic/pgf/math\pgfm
athfunctions.basic.code.tex)
(C:\Users\AdrianBostelmann\AppData\Roaming\MiKTeX\2.9\tex/generic/pgf/math\pgfm
athfunctions.trigonometric.code.tex)
(C:\Users\AdrianBostelmann\AppData\Roaming\MiKTeX\2.9\tex/generic/pgf/math\pgfm
athfunctions.random.code.tex)
(C:\Users\AdrianBostelmann\AppData\Roaming\MiKTeX\2.9\tex/generic/pgf/math\pgfm
athfunctions.comparison.code.tex)
(C:\Users\AdrianBostelmann\AppData\Roaming\MiKTeX\2.9\tex/generic/pgf/math\pgfm
athfunctions.base.code.tex)
(C:\Users\AdrianBostelmann\AppData\Roaming\MiKTeX\2.9\tex/generic/pgf/math\pgfm
athfunctions.round.code.tex)
(C:\Users\AdrianBostelmann\AppData\Roaming\MiKTeX\2.9\tex/generic/pgf/math\pgfm
athfunctions.misc.code.tex)
(C:\Users\AdrianBostelmann\AppData\Roaming\MiKTeX\2.9\tex/generic/pgf/math\pgfm
athfunctions.integerarithmetics.code.tex)))
(C:\Users\AdrianBostelmann\AppData\Roaming\MiKTeX\2.9\tex/generic/pgf/math\pgfm
athfloat.code.tex
\c@pgfmathroundto@lastzeros=\count116
))
(C:\Users\AdrianBostelmann\AppData\Roaming\MiKTeX\2.9\tex/generic/pgf/math\pgfi
nt.code.tex)
(C:\Users\AdrianBostelmann\AppData\Roaming\MiKTeX\2.9\tex/generic/pgf/basiclaye
r\pgfcorepoints.code.tex
File: pgfcorepoints.code.tex 2019/08/03 v3.1.4b (3.1.4b)
\pgf@picminx=\dimen141
\pgf@picmaxx=\dimen142
\pgf@picminy=\dimen143
\pgf@picmaxy=\dimen144
\pgf@pathminx=\dimen145
\pgf@pathmaxx=\dimen146
\pgf@pathminy=\dimen147
\pgf@pathmaxy=\dimen148
\pgf@xx=\dimen149
\pgf@xy=\dimen150
\pgf@yx=\dimen151
\pgf@yy=\dimen152
\pgf@zx=\dimen153
\pgf@zy=\dimen154
)
(C:\Users\AdrianBostelmann\AppData\Roaming\MiKTeX\2.9\tex/generic/pgf/basiclaye
r\pgfcorepathconstruct.code.tex
File: pgfcorepathconstruct.code.tex 2019/08/03 v3.1.4b (3.1.4b)
\pgf@path@lastx=\dimen155
\pgf@path@lasty=\dimen156
)
(C:\Users\AdrianBostelmann\AppData\Roaming\MiKTeX\2.9\tex/generic/pgf/basiclaye
r\pgfcorepathusage.code.tex
File: pgfcorepathusage.code.tex 2019/08/03 v3.1.4b (3.1.4b)
\pgf@shorten@end@additional=\dimen157
\pgf@shorten@start@additional=\dimen158
)
(C:\Users\AdrianBostelmann\AppData\Roaming\MiKTeX\2.9\tex/generic/pgf/basiclaye
r\pgfcorescopes.code.tex
File: pgfcorescopes.code.tex 2019/08/03 v3.1.4b (3.1.4b)
\pgfpic=\box38
\pgf@hbox=\box39
\pgf@layerbox@main=\box40
\pgf@picture@serial@count=\count117
)
(C:\Users\AdrianBostelmann\AppData\Roaming\MiKTeX\2.9\tex/generic/pgf/basiclaye
r\pgfcoregraphicstate.code.tex
File: pgfcoregraphicstate.code.tex 2019/08/03 v3.1.4b (3.1.4b)
\pgflinewidth=\dimen159
)
(C:\Users\AdrianBostelmann\AppData\Roaming\MiKTeX\2.9\tex/generic/pgf/basiclaye
r\pgfcoretransformations.code.tex
File: pgfcoretransformations.code.tex 2019/08/03 v3.1.4b (3.1.4b)
\pgf@pt@x=\dimen160
\pgf@pt@y=\dimen161
\pgf@pt@temp=\dimen162
)
(C:\Users\AdrianBostelmann\AppData\Roaming\MiKTeX\2.9\tex/generic/pgf/basiclaye
r\pgfcorequick.code.tex
File: pgfcorequick.code.tex 2019/08/03 v3.1.4b (3.1.4b)
)
(C:\Users\AdrianBostelmann\AppData\Roaming\MiKTeX\2.9\tex/generic/pgf/basiclaye
r\pgfcoreobjects.code.tex
File: pgfcoreobjects.code.tex 2019/08/03 v3.1.4b (3.1.4b)
)
(C:\Users\AdrianBostelmann\AppData\Roaming\MiKTeX\2.9\tex/generic/pgf/basiclaye
r\pgfcorepathprocessing.code.tex
File: pgfcorepathprocessing.code.tex 2019/08/03 v3.1.4b (3.1.4b)
)
(C:\Users\AdrianBostelmann\AppData\Roaming\MiKTeX\2.9\tex/generic/pgf/basiclaye
r\pgfcorearrows.code.tex
File: pgfcorearrows.code.tex 2019/08/03 v3.1.4b (3.1.4b)
\pgfarrowsep=\dimen163
)
(C:\Users\AdrianBostelmann\AppData\Roaming\MiKTeX\2.9\tex/generic/pgf/basiclaye
r\pgfcoreshade.code.tex
File: pgfcoreshade.code.tex 2019/08/03 v3.1.4b (3.1.4b)
\pgf@max=\dimen164
\pgf@sys@shading@range@num=\count118
\pgf@shadingcount=\count119
)
(C:\Users\AdrianBostelmann\AppData\Roaming\MiKTeX\2.9\tex/generic/pgf/basiclaye
r\pgfcoreimage.code.tex
File: pgfcoreimage.code.tex 2019/08/03 v3.1.4b (3.1.4b)

(C:\Users\AdrianBostelmann\AppData\Roaming\MiKTeX\2.9\tex/generic/pgf/basiclaye
r\pgfcoreexternal.code.tex
File: pgfcoreexternal.code.tex 2019/08/03 v3.1.4b (3.1.4b)
\pgfexternal@startupbox=\box41
))
(C:\Users\AdrianBostelmann\AppData\Roaming\MiKTeX\2.9\tex/generic/pgf/basiclaye
r\pgfcorelayers.code.tex
File: pgfcorelayers.code.tex 2019/08/03 v3.1.4b (3.1.4b)
)
(C:\Users\AdrianBostelmann\AppData\Roaming\MiKTeX\2.9\tex/generic/pgf/basiclaye
r\pgfcoretransparency.code.tex
File: pgfcoretransparency.code.tex 2019/08/03 v3.1.4b (3.1.4b)
)
(C:\Users\AdrianBostelmann\AppData\Roaming\MiKTeX\2.9\tex/generic/pgf/basiclaye
r\pgfcorepatterns.code.tex
File: pgfcorepatterns.code.tex 2019/08/03 v3.1.4b (3.1.4b)
)
(C:\Users\AdrianBostelmann\AppData\Roaming\MiKTeX\2.9\tex/generic/pgf/basiclaye
r\pgfcorerdf.code.tex
File: pgfcorerdf.code.tex 2019/08/03 v3.1.4b (3.1.4b)
)))
(C:\Users\AdrianBostelmann\AppData\Roaming\MiKTeX\2.9\tex/latex/pgf/utilities\x
xcolor.sty
Package: xxcolor 2003/10/24 ver 0.1
\XC@nummixins=\count120
\XC@countmixins=\count121
) ("C:\Program Files\MiKTeX 2.9\tex/generic/oberdiek\atbegshi.sty"
Package: atbegshi 2016/06/09 v1.18 At begin shipout hook (HO)

("C:\Program Files\MiKTeX 2.9\tex/generic/oberdiek\infwarerr.sty"
Package: infwarerr 2016/05/16 v1.4 Providing info/warning/error messages (HO)
)
("C:\Program Files\MiKTeX 2.9\tex/generic/oberdiek\ltxcmds.sty"
Package: ltxcmds 2016/05/16 v1.23 LaTeX kernel commands for general use (HO)
))
("C:\Program Files\MiKTeX 2.9\tex/latex/hyperref\hyperref.sty"
Package: hyperref 2019/09/28 v7.00a Hypertext links for LaTeX

("C:\Program Files\MiKTeX 2.9\tex/generic/oberdiek\hobsub-hyperref.sty"
Package: hobsub-hyperref 2019/10/27
hobsub not currently supported, see hobsub.dtx to extract original code

("C:\Program Files\MiKTeX 2.9\tex/generic/oberdiek\pdftexcmds.sty"
Package: pdftexcmds 2019/07/25 v0.30 Utility functions of pdfTeX for LuaTeX (HO
)

(C:\Users\AdrianBostelmann\AppData\Roaming\MiKTeX\2.9\tex/generic/iftex\ifluate
x.sty
Package: ifluatex 2019/10/25 v1.5 ifluatex legacy package. Use iftex instead.
)
Package pdftexcmds Info: LuaTeX not detected.
Package pdftexcmds Info: \pdf@primitive is available.
Package pdftexcmds Info: \pdf@ifprimitive is available.
Package pdftexcmds Info: \pdfdraftmode found.
) ("C:\Program Files\MiKTeX 2.9\tex/generic/oberdiek\kvsetkeys.sty"
Package: kvsetkeys 2016/05/16 v1.17 Key value parser (HO)

("C:\Program Files\MiKTeX 2.9\tex/generic/oberdiek\etexcmds.sty"
Package: etexcmds 2016/05/16 v1.6 Avoid name clashes with e-TeX commands (HO)
))
("C:\Program Files\MiKTeX 2.9\tex/generic/oberdiek\kvdefinekeys.sty"
Package: kvdefinekeys 2016/05/16 v1.4 Define keys (HO)
)
("C:\Program Files\MiKTeX 2.9\tex/generic/oberdiek\pdfescape.sty"
Package: pdfescape 2016/05/16 v1.14 Implements pdfTeX's escape features (HO)
)
("C:\Program Files\MiKTeX 2.9\tex/latex/oberdiek\hycolor.sty"
Package: hycolor 2016/05/16 v1.8 Color options for hyperref/bookmark (HO)

("C:\Program Files\MiKTeX 2.9\tex/latex/oberdiek\xcolor-patch.sty"
Package: xcolor-patch 2016/05/16 xcolor patch

("C:\Program Files\MiKTeX 2.9\tex/latex/oberdiek\hopatch.sty"
Package: hopatch 2016/05/16 v1.3 Wrapper for package hooks (HO)
)))
("C:\Program Files\MiKTeX 2.9\tex/latex/oberdiek\letltxmacro.sty"
Package: letltxmacro 2016/05/16 v1.5 Let assignment for LaTeX macros (HO)
))
("C:\Program Files\MiKTeX 2.9\tex/latex/oberdiek\auxhook.sty"
Package: auxhook 2016/05/16 v1.4 Hooks for auxiliary files (HO)
)
("C:\Program Files\MiKTeX 2.9\tex/latex/oberdiek\kvoptions.sty"
Package: kvoptions 2016/05/16 v3.12 Key value format for package options (HO)
)
\@linkdim=\dimen165
\Hy@linkcounter=\count122
\Hy@pagecounter=\count123

("C:\Program Files\MiKTeX 2.9\tex/latex/hyperref\pd1enc.def"
File: pd1enc.def 2019/09/28 v7.00a Hyperref: PDFDocEncoding definition (HO)
Now handling font encoding PD1 ...
... no UTF-8 mapping file for font encoding PD1
)
("C:\Program Files\MiKTeX 2.9\tex/generic/oberdiek\intcalc.sty"
Package: intcalc 2016/05/16 v1.2 Expandable calculations with integers (HO)
)
\Hy@SavedSpaceFactor=\count124

("C:\Program Files\MiKTeX 2.9\tex/latex/00miktex\hyperref.cfg"
File: hyperref.cfg 2002/06/06 v1.2 hyperref configuration of TeXLive
)
Package hyperref Info: Option `bookmarks' set `true' on input line 4414.
Package hyperref Info: Option `bookmarksopen' set `true' on input line 4414.
Package hyperref Info: Option `implicit' set `false' on input line 4414.
Package hyperref Info: Hyper figures OFF on input line 4540.
Package hyperref Info: Link nesting OFF on input line 4545.
Package hyperref Info: Hyper index ON on input line 4548.
Package hyperref Info: Plain pages OFF on input line 4555.
Package hyperref Info: Backreferencing OFF on input line 4560.
Package hyperref Info: Implicit mode OFF; no redefinition of LaTeX internals.
Package hyperref Info: Bookmarks ON on input line 4793.
\c@Hy@tempcnt=\count125

(C:\Users\AdrianBostelmann\AppData\Roaming\MiKTeX\2.9\tex/latex/url\url.sty
\Urlmuskip=\muskip10
Package: url 2013/09/16  ver 3.4  Verb mode for urls, etc.
)
LaTeX Info: Redefining \url on input line 5152.
\XeTeXLinkMargin=\dimen166

("C:\Program Files\MiKTeX 2.9\tex/generic/oberdiek\bitset.sty"
Package: bitset 2016/05/16 v1.2 Handle bit-vector datatype (HO)

("C:\Program Files\MiKTeX 2.9\tex/generic/oberdiek\bigintcalc.sty"
Package: bigintcalc 2016/05/16 v1.4 Expandable calculations on big integers (HO
)
))
\Fld@menulength=\count126
\Field@Width=\dimen167
\Fld@charsize=\dimen168
Package hyperref Info: Hyper figures OFF on input line 6423.
Package hyperref Info: Link nesting OFF on input line 6428.
Package hyperref Info: Hyper index ON on input line 6431.
Package hyperref Info: backreferencing OFF on input line 6438.
Package hyperref Info: Link coloring OFF on input line 6443.
Package hyperref Info: Link coloring with OCG OFF on input line 6448.
Package hyperref Info: PDF/A mode OFF on input line 6453.
LaTeX Info: Redefining \ref on input line 6493.
LaTeX Info: Redefining \pageref on input line 6497.
\Hy@abspage=\count127


Package hyperref Message: Stopped early.

)
Package hyperref Info: Driver (autodetected): hpdftex.
 ("C:\Program Files\MiKTeX 2.9\tex/latex/hyperref\hpdftex.def"
File: hpdftex.def 2019/09/28 v7.00a Hyperref driver for pdfTeX

("C:\Program Files\MiKTeX 2.9\tex/latex/oberdiek\atveryend.sty"
Package: atveryend 2016/05/16 v1.9 Hooks at the very end of document (HO)
)
\Fld@listcount=\count128
\c@bookmark@seq@number=\count129

("C:\Program Files\MiKTeX 2.9\tex/latex/oberdiek\rerunfilecheck.sty"
Package: rerunfilecheck 2016/05/16 v1.8 Rerun checks for auxiliary files (HO)

("C:\Program Files\MiKTeX 2.9\tex/generic/oberdiek\uniquecounter.sty"
Package: uniquecounter 2016/05/16 v1.3 Provide unlimited unique counter (HO)
)
Package uniquecounter Info: New unique counter `rerunfilecheck' on input line 2
82.
))
(C:\Users\AdrianBostelmann\AppData\Roaming\MiKTeX\2.9\tex/latex/beamer\beamerba
serequires.sty
(C:\Users\AdrianBostelmann\AppData\Roaming\MiKTeX\2.9\tex/latex/beamer\beamerba
secompatibility.sty)
(C:\Users\AdrianBostelmann\AppData\Roaming\MiKTeX\2.9\tex/latex/beamer\beamerba
sefont.sty ("C:\Program Files\MiKTeX 2.9\tex/latex/amsfonts\amssymb.sty"
Package: amssymb 2013/01/14 v3.01 AMS font symbols

("C:\Program Files\MiKTeX 2.9\tex/latex/amsfonts\amsfonts.sty"
Package: amsfonts 2013/01/14 v3.01 Basic AMSFonts support
\@emptytoks=\toks26
\symAMSa=\mathgroup4
\symAMSb=\mathgroup5
LaTeX Font Info:    Redeclaring math symbol \hbar on input line 98.
LaTeX Font Info:    Overwriting math alphabet `\mathfrak' in version `bold'
(Font)                  U/euf/m/n --> U/euf/b/n on input line 106.
))
(C:\Users\AdrianBostelmann\AppData\Roaming\MiKTeX\2.9\tex/latex/sansmathaccent\
sansmathaccent.sty
Package: sansmathaccent 2013/03/28

(C:\Users\AdrianBostelmann\AppData\Roaming\MiKTeX\2.9\tex/latex/filehook\fileho
ok.sty
Package: filehook 2019/10/03 v0.6 Hooks for input files
)))
(C:\Users\AdrianBostelmann\AppData\Roaming\MiKTeX\2.9\tex/latex/beamer\beamerba
setranslator.sty
(C:\Users\AdrianBostelmann\AppData\Roaming\MiKTeX\2.9\tex/latex/translator\tran
slator.sty
Package: translator 2019-05-31 v1.12a Easy translation of strings in LaTeX
))
(C:\Users\AdrianBostelmann\AppData\Roaming\MiKTeX\2.9\tex/latex/beamer\beamerba
semisc.sty)
(C:\Users\AdrianBostelmann\AppData\Roaming\MiKTeX\2.9\tex/latex/beamer\beamerba
setwoscreens.sty)
(C:\Users\AdrianBostelmann\AppData\Roaming\MiKTeX\2.9\tex/latex/beamer\beamerba
seoverlay.sty
\beamer@argscount=\count130
\beamer@lastskipcover=\skip44
\beamer@trivlistdepth=\count131
)
(C:\Users\AdrianBostelmann\AppData\Roaming\MiKTeX\2.9\tex/latex/beamer\beamerba
setitle.sty)
(C:\Users\AdrianBostelmann\AppData\Roaming\MiKTeX\2.9\tex/latex/beamer\beamerba
sesection.sty
\c@lecture=\count132
\c@part=\count133
\c@section=\count134
\c@subsection=\count135
\c@subsubsection=\count136
)
(C:\Users\AdrianBostelmann\AppData\Roaming\MiKTeX\2.9\tex/latex/beamer\beamerba
seframe.sty
\beamer@framebox=\box42
\beamer@frametitlebox=\box43
\beamer@zoombox=\box44
\beamer@zoomcount=\count137
\beamer@zoomframecount=\count138
\beamer@frametextheight=\dimen169
\c@subsectionslide=\count139
\beamer@frametopskip=\skip45
\beamer@framebottomskip=\skip46
\beamer@frametopskipautobreak=\skip47
\beamer@framebottomskipautobreak=\skip48
\beamer@envbody=\toks27
\framewidth=\dimen170
\c@framenumber=\count140
)
(C:\Users\AdrianBostelmann\AppData\Roaming\MiKTeX\2.9\tex/latex/beamer\beamerba
severbatim.sty
\beamer@verbatimfileout=\write4
)
(C:\Users\AdrianBostelmann\AppData\Roaming\MiKTeX\2.9\tex/latex/beamer\beamerba
seframesize.sty
\beamer@splitbox=\box45
\beamer@autobreakcount=\count141
\beamer@autobreaklastheight=\dimen171
\beamer@frametitletoks=\toks28
\beamer@framesubtitletoks=\toks29
)
(C:\Users\AdrianBostelmann\AppData\Roaming\MiKTeX\2.9\tex/latex/beamer\beamerba
seframecomponents.sty
\beamer@footins=\box46
)
(C:\Users\AdrianBostelmann\AppData\Roaming\MiKTeX\2.9\tex/latex/beamer\beamerba
secolor.sty)
(C:\Users\AdrianBostelmann\AppData\Roaming\MiKTeX\2.9\tex/latex/beamer\beamerba
senotes.sty
\beamer@frameboxcopy=\box47
)
(C:\Users\AdrianBostelmann\AppData\Roaming\MiKTeX\2.9\tex/latex/beamer\beamerba
setoc.sty)
(C:\Users\AdrianBostelmann\AppData\Roaming\MiKTeX\2.9\tex/latex/beamer\beamerba
setemplates.sty
\beamer@sbttoks=\toks30

(C:\Users\AdrianBostelmann\AppData\Roaming\MiKTeX\2.9\tex/latex/beamer\beamerba
seauxtemplates.sty
(C:\Users\AdrianBostelmann\AppData\Roaming\MiKTeX\2.9\tex/latex/beamer\beamerba
seboxes.sty
\bmb@box=\box48
\bmb@colorbox=\box49
\bmb@boxshadow=\box50
\bmb@boxshadowball=\box51
\bmb@boxshadowballlarge=\box52
\bmb@temp=\dimen172
\bmb@dima=\dimen173
\bmb@dimb=\dimen174
\bmb@prevheight=\dimen175
)
\beamer@blockheadheight=\dimen176
))
(C:\Users\AdrianBostelmann\AppData\Roaming\MiKTeX\2.9\tex/latex/beamer\beamerba
selocalstructure.sty ("C:\Program Files\MiKTeX 2.9\tex/latex/tools\enumerate.st
y"
Package: enumerate 2015/07/23 v3.00 enumerate extensions (DPC)
\@enLab=\toks31
)
\c@figure=\count142
\c@table=\count143
\abovecaptionskip=\skip49
\belowcaptionskip=\skip50
)
(C:\Users\AdrianBostelmann\AppData\Roaming\MiKTeX\2.9\tex/latex/beamer\beamerba
senavigation.sty
\beamer@section@min@dim=\dimen177
)
(C:\Users\AdrianBostelmann\AppData\Roaming\MiKTeX\2.9\tex/latex/beamer\beamerba
setheorems.sty ("C:\Program Files\MiKTeX 2.9\tex/latex/amsmath\amsmath.sty"
Package: amsmath 2019/04/01 v2.17c AMS math features
\@mathmargin=\skip51

For additional information on amsmath, use the `?' option.
("C:\Program Files\MiKTeX 2.9\tex/latex/amsmath\amstext.sty"
Package: amstext 2000/06/29 v2.01 AMS text

("C:\Program Files\MiKTeX 2.9\tex/latex/amsmath\amsgen.sty"
File: amsgen.sty 1999/11/30 v2.0 generic functions
\@emptytoks=\toks32
\ex@=\dimen178
))
("C:\Program Files\MiKTeX 2.9\tex/latex/amsmath\amsbsy.sty"
Package: amsbsy 1999/11/29 v1.2d Bold Symbols
\pmbraise@=\dimen179
)
("C:\Program Files\MiKTeX 2.9\tex/latex/amsmath\amsopn.sty"
Package: amsopn 2016/03/08 v2.02 operator names
)
\inf@bad=\count144
LaTeX Info: Redefining \frac on input line 227.
\uproot@=\count145
\leftroot@=\count146
LaTeX Info: Redefining \overline on input line 389.
\classnum@=\count147
\DOTSCASE@=\count148
LaTeX Info: Redefining \ldots on input line 486.
LaTeX Info: Redefining \dots on input line 489.
LaTeX Info: Redefining \cdots on input line 610.
\Mathstrutbox@=\box53
\strutbox@=\box54
\big@size=\dimen180
LaTeX Font Info:    Redeclaring font encoding OML on input line 733.
LaTeX Font Info:    Redeclaring font encoding OMS on input line 734.
\macc@depth=\count149
\c@MaxMatrixCols=\count150
\dotsspace@=\muskip11
\c@parentequation=\count151
\dspbrk@lvl=\count152
\tag@help=\toks33
\row@=\count153
\column@=\count154
\maxfields@=\count155
\andhelp@=\toks34
\eqnshift@=\dimen181
\alignsep@=\dimen182
\tagshift@=\dimen183
\tagwidth@=\dimen184
\totwidth@=\dimen185
\lineht@=\dimen186
\@envbody=\toks35
\multlinegap=\skip52
\multlinetaggap=\skip53
\mathdisplay@stack=\toks36
LaTeX Info: Redefining \[ on input line 2855.
LaTeX Info: Redefining \] on input line 2856.
)
("C:\Program Files\MiKTeX 2.9\tex/latex/amscls\amsthm.sty"
Package: amsthm 2017/10/31 v2.20.4
\thm@style=\toks37
\thm@bodyfont=\toks38
\thm@headfont=\toks39
\thm@notefont=\toks40
\thm@headpunct=\toks41
\thm@preskip=\skip54
\thm@postskip=\skip55
\thm@headsep=\skip56
\dth@everypar=\toks42
)
\c@theorem=\count156
)
(C:\Users\AdrianBostelmann\AppData\Roaming\MiKTeX\2.9\tex/latex/beamer\beamerba
sethemes.sty))
(C:\Users\AdrianBostelmann\AppData\Roaming\MiKTeX\2.9\tex/latex/beamer\beamerth
emedefault.sty
(C:\Users\AdrianBostelmann\AppData\Roaming\MiKTeX\2.9\tex/latex/beamer\beamerfo
ntthemedefault.sty)
(C:\Users\AdrianBostelmann\AppData\Roaming\MiKTeX\2.9\tex/latex/beamer\beamerco
lorthemedefault.sty)
(C:\Users\AdrianBostelmann\AppData\Roaming\MiKTeX\2.9\tex/latex/beamer\beamerin
nerthemedefault.sty
\beamer@dima=\dimen187
\beamer@dimb=\dimen188
)
(C:\Users\AdrianBostelmann\AppData\Roaming\MiKTeX\2.9\tex/latex/beamer\beamerou
terthemedefault.sty)))
(C:\Users\AdrianBostelmann\AppData\Roaming\MiKTeX\2.9\tex/latex/beamer\beamerth
emeDarmstadt.sty
(C:\Users\AdrianBostelmann\AppData\Roaming\MiKTeX\2.9\tex/latex/beamer\beamerou
terthemesmoothbars.sty)
(C:\Users\AdrianBostelmann\AppData\Roaming\MiKTeX\2.9\tex/latex/beamer\beamerin
nerthemerounded.sty)
(C:\Users\AdrianBostelmann\AppData\Roaming\MiKTeX\2.9\tex/latex/beamer\beamerco
lorthemeorchid.sty)
(C:\Users\AdrianBostelmann\AppData\Roaming\MiKTeX\2.9\tex/latex/beamer\beamerco
lorthemewhale.sty))
(C:\Users\AdrianBostelmann\AppData\Roaming\MiKTeX\2.9\tex/generic/german\ngerma
n.sty v2.5e 1998-07-08
Package: ngerman 1998/07/08 v2.5e Support for writing german texts (br)
\grmnU@D=\dimen189
ngerman -- \language number for naustrian undefined, default 50 used.
)
(C:\Users\AdrianBostelmann\AppData\Roaming\MiKTeX\2.9\tex/latex/titling\titling
.sty
Package: titling 2009/09/04 v2.1d maketitle typesetting

C:\Users\AdrianBostelmann\AppData\Roaming\MiKTeX\2.9\tex/latex/titling\titling.
sty:35: Undefined control sequence.
l.35 \if@titlepage
                  
The control sequence at the end of the top line
of your error message was never \def'ed. If you have
misspelled it (e.g., `\hobx'), type `I' and the correct
spelling (e.g., `I\hbox'). Otherwise just continue,
and I'll forget about whatever was undefined.

C:\Users\AdrianBostelmann\AppData\Roaming\MiKTeX\2.9\tex/latex/titling\titling.
sty:44: Extra \else.
l.44 \else
          
I'm ignoring this; it doesn't match any \if.

C:\Users\AdrianBostelmann\AppData\Roaming\MiKTeX\2.9\tex/latex/titling\titling.
sty:53: Extra \fi.
l.53 \fi
        
I'm ignoring this; it doesn't match any \if.

\thanksmarkwidth=\skip57
\thanksmargin=\skip58
C:\Users\AdrianBostelmann\AppData\Roaming\MiKTeX\2.9\tex/latex/titling\titling.
sty:97: Undefined control sequence.
l.97 \if@titlepage
                  
The control sequence at the end of the top line
of your error message was never \def'ed. If you have
misspelled it (e.g., `\hobx'), type `I' and the correct
spelling (e.g., `I\hbox'). Otherwise just continue,
and I'll forget about whatever was undefined.

C:\Users\AdrianBostelmann\AppData\Roaming\MiKTeX\2.9\tex/latex/titling\titling.
sty:99: Extra \else.
l.99 \else
          
I'm ignoring this; it doesn't match any \if.

C:\Users\AdrianBostelmann\AppData\Roaming\MiKTeX\2.9\tex/latex/titling\titling.
sty:101: Extra \fi.
l.101 \fi
         
I'm ignoring this; it doesn't match any \if.

\droptitle=\skip59
C:\Users\AdrianBostelmann\AppData\Roaming\MiKTeX\2.9\tex/latex/titling\titling.
sty:116: Undefined control sequence.
l.116 \if@titlepage
                   
The control sequence at the end of the top line
of your error message was never \def'ed. If you have
misspelled it (e.g., `\hobx'), type `I' and the correct
spelling (e.g., `I\hbox'). Otherwise just continue,
and I'll forget about whatever was undefined.

C:\Users\AdrianBostelmann\AppData\Roaming\MiKTeX\2.9\tex/latex/titling\titling.
sty:142: Extra \else.
l.142 \else
           
I'm ignoring this; it doesn't match any \if.

C:\Users\AdrianBostelmann\AppData\Roaming\MiKTeX\2.9\tex/latex/titling\titling.
sty:180: Extra \fi.
l.180 \fi
         
I'm ignoring this; it doesn't match any \if.

) ("C:\Program Files\MiKTeX 2.9\tex/latex/base\inputenc.sty"
Package: inputenc 2018/08/11 v1.3c Input encoding file
\inpenc@prehook=\toks43
\inpenc@posthook=\toks44
)
(C:\Users\AdrianBostelmann\AppData\Roaming\MiKTeX\2.9\tex/latex/pgf/frontendlay
er\tikz.sty
(C:\Users\AdrianBostelmann\AppData\Roaming\MiKTeX\2.9\tex/latex/pgf/basiclayer\
pgf.sty
Package: pgf 2019/08/03 v3.1.4b (3.1.4b)

(C:\Users\AdrianBostelmann\AppData\Roaming\MiKTeX\2.9\tex/generic/pgf/modules\p
gfmoduleshapes.code.tex
File: pgfmoduleshapes.code.tex 2019/08/03 v3.1.4b (3.1.4b)
\pgfnodeparttextbox=\box55
)
(C:\Users\AdrianBostelmann\AppData\Roaming\MiKTeX\2.9\tex/generic/pgf/modules\p
gfmoduleplot.code.tex
File: pgfmoduleplot.code.tex 2019/08/03 v3.1.4b (3.1.4b)
)
(C:\Users\AdrianBostelmann\AppData\Roaming\MiKTeX\2.9\tex/latex/pgf/compatibili
ty\pgfcomp-version-0-65.sty
Package: pgfcomp-version-0-65 2019/08/03 v3.1.4b (3.1.4b)
\pgf@nodesepstart=\dimen190
\pgf@nodesepend=\dimen191
)
(C:\Users\AdrianBostelmann\AppData\Roaming\MiKTeX\2.9\tex/latex/pgf/compatibili
ty\pgfcomp-version-1-18.sty
Package: pgfcomp-version-1-18 2019/08/03 v3.1.4b (3.1.4b)
))
(C:\Users\AdrianBostelmann\AppData\Roaming\MiKTeX\2.9\tex/latex/pgf/utilities\p
gffor.sty
(C:\Users\AdrianBostelmann\AppData\Roaming\MiKTeX\2.9\tex/latex/pgf/utilities\p
gfkeys.sty
(C:\Users\AdrianBostelmann\AppData\Roaming\MiKTeX\2.9\tex/generic/pgf/utilities
\pgfkeys.code.tex))
(C:\Users\AdrianBostelmann\AppData\Roaming\MiKTeX\2.9\tex/latex/pgf/math\pgfmat
h.sty
(C:\Users\AdrianBostelmann\AppData\Roaming\MiKTeX\2.9\tex/generic/pgf/math\pgfm
ath.code.tex))
(C:\Users\AdrianBostelmann\AppData\Roaming\MiKTeX\2.9\tex/generic/pgf/utilities
\pgffor.code.tex
Package: pgffor 2019/08/03 v3.1.4b (3.1.4b)

(C:\Users\AdrianBostelmann\AppData\Roaming\MiKTeX\2.9\tex/generic/pgf/math\pgfm
ath.code.tex)
\pgffor@iter=\dimen192
\pgffor@skip=\dimen193
\pgffor@stack=\toks45
\pgffor@toks=\toks46
))
(C:\Users\AdrianBostelmann\AppData\Roaming\MiKTeX\2.9\tex/generic/pgf/frontendl
ayer/tikz\tikz.code.tex
Package: tikz 2019/08/03 v3.1.4b (3.1.4b)

(C:\Users\AdrianBostelmann\AppData\Roaming\MiKTeX\2.9\tex/generic/pgf/libraries
\pgflibraryplothandlers.code.tex
File: pgflibraryplothandlers.code.tex 2019/08/03 v3.1.4b (3.1.4b)
\pgf@plot@mark@count=\count157
\pgfplotmarksize=\dimen194
)
\tikz@lastx=\dimen195
\tikz@lasty=\dimen196
\tikz@lastxsaved=\dimen197
\tikz@lastysaved=\dimen198
\tikz@lastmovetox=\dimen199
\tikz@lastmovetoy=\dimen256
\tikzleveldistance=\dimen257
\tikzsiblingdistance=\dimen258
\tikz@figbox=\box56
\tikz@figbox@bg=\box57
\tikz@tempbox=\box58
\tikz@tempbox@bg=\box59
\tikztreelevel=\count158
\tikznumberofchildren=\count159
\tikznumberofcurrentchild=\count160
\tikz@fig@count=\count161

(C:\Users\AdrianBostelmann\AppData\Roaming\MiKTeX\2.9\tex/generic/pgf/modules\p
gfmodulematrix.code.tex
File: pgfmodulematrix.code.tex 2019/08/03 v3.1.4b (3.1.4b)
\pgfmatrixcurrentrow=\count162
\pgfmatrixcurrentcolumn=\count163
\pgf@matrix@numberofcolumns=\count164
)
\tikz@expandcount=\count165

(C:\Users\AdrianBostelmann\AppData\Roaming\MiKTeX\2.9\tex/generic/pgf/frontendl
ayer/tikz/libraries\tikzlibrarytopaths.code.tex
File: tikzlibrarytopaths.code.tex 2019/08/03 v3.1.4b (3.1.4b)
)))
(C:/git\ws2019\IS\project\auxil\presentation.aux)
\openout1 = `presentation.aux'.

LaTeX Font Info:    Checking defaults for OML/cmm/m/it on input line 40.
LaTeX Font Info:    ... okay on input line 40.
LaTeX Font Info:    Checking defaults for T1/cmr/m/n on input line 40.
LaTeX Font Info:    ... okay on input line 40.
LaTeX Font Info:    Checking defaults for OT1/cmr/m/n on input line 40.
LaTeX Font Info:    ... okay on input line 40.
LaTeX Font Info:    Checking defaults for OMS/cmsy/m/n on input line 40.
LaTeX Font Info:    ... okay on input line 40.
LaTeX Font Info:    Checking defaults for OMX/cmex/m/n on input line 40.
LaTeX Font Info:    ... okay on input line 40.
LaTeX Font Info:    Checking defaults for U/cmr/m/n on input line 40.
LaTeX Font Info:    ... okay on input line 40.
LaTeX Font Info:    Checking defaults for PD1/pdf/m/n on input line 40.
LaTeX Font Info:    ... okay on input line 40.

*geometry* driver: auto-detecting
*geometry* detected driver: pdftex
*geometry* verbose mode - [ preamble ] result:
* driver: pdftex
* paper: custom
* layout: <same size as paper>
* layoutoffset:(h,v)=(0.0pt,0.0pt)
* modes: includehead includefoot 
* h-part:(L,W,R)=(28.45274pt, 307.28987pt, 28.45274pt)
* v-part:(T,H,B)=(0.0pt, 273.14662pt, 0.0pt)
* \paperwidth=364.19536pt
* \paperheight=273.14662pt
* \textwidth=307.28987pt
* \textheight=244.6939pt
* \oddsidemargin=-43.81725pt
* \evensidemargin=-43.81725pt
* \topmargin=-72.26999pt
* \headheight=14.22636pt
* \headsep=0.0pt
* \topskip=11.0pt
* \footskip=14.22636pt
* \marginparwidth=4.0pt
* \marginparsep=10.0pt
* \columnsep=10.0pt
* \skip\footins=10.0pt plus 4.0pt minus 2.0pt
* \hoffset=0.0pt
* \voffset=0.0pt
* \mag=1000
* \@twocolumnfalse
* \@twosidefalse
* \@mparswitchfalse
* \@reversemarginfalse
* (1in=72.27pt=25.4mm, 1cm=28.453pt)


(C:\Users\AdrianBostelmann\AppData\Roaming\MiKTeX\2.9\tex/context/base/mkii\sup
p-pdf.mkii
[Loading MPS to PDF converter (version 2006.09.02).]
\scratchcounter=\count166
\scratchdimen=\dimen259
\scratchbox=\box60
\nofMPsegments=\count167
\nofMParguments=\count168
\everyMPshowfont=\toks47
\MPscratchCnt=\count169
\MPscratchDim=\dimen260
\MPnumerator=\count170
\makeMPintoPDFobject=\count171
\everyMPtoPDFconversion=\toks48
) ("C:\Program Files\MiKTeX 2.9\tex/latex/oberdiek\epstopdf-base.sty"
Package: epstopdf-base 2016/05/15 v2.6 Base part for package epstopdf

("C:\Program Files\MiKTeX 2.9\tex/latex/oberdiek\grfext.sty"
Package: grfext 2016/05/16 v1.2 Manage graphics extensions (HO)
)
Package epstopdf-base Info: Redefining graphics rule for `.eps' on input line 4
38.
Package grfext Info: Graphics extension search list:
(grfext)             [.pdf,.png,.jpg,.mps,.jpeg,.jbig2,.jb2,.PDF,.PNG,.JPG,.JPE
G,.JBIG2,.JB2,.eps]
(grfext)             \AppendGraphicsExtensions on input line 456.
)
ABD: EveryShipout initializing macros
\AtBeginShipoutBox=\box61
Package hyperref Info: Link coloring OFF on input line 40.

("C:\Program Files\MiKTeX 2.9\tex/latex/hyperref\nameref.sty"
Package: nameref 2019/09/16 v2.46 Cross-referencing by name of section

("C:\Program Files\MiKTeX 2.9\tex/latex/oberdiek\refcount.sty"
Package: refcount 2016/05/16 v3.5 Data extraction from label references (HO)
)
("C:\Program Files\MiKTeX 2.9\tex/generic/oberdiek\gettitlestring.sty"
Package: gettitlestring 2016/05/16 v1.5 Cleanup title references (HO)
)
\c@section@level=\count172
)
LaTeX Info: Redefining \ref on input line 40.
LaTeX Info: Redefining \pageref on input line 40.
LaTeX Info: Redefining \nameref on input line 40.

(C:/git\ws2019\IS\project\auxil\presentation.out)
(C:/git\ws2019\IS\project\auxil\presentation.out)
\@outlinefile=\write5
\openout5 = `presentation.out'.

LaTeX Font Info:    Overwriting symbol font `operators' in version `normal'
(Font)                  OT1/cmr/m/n --> OT1/cmss/m/n on input line 40.
LaTeX Font Info:    Overwriting symbol font `operators' in version `bold'
(Font)                  OT1/cmr/bx/n --> OT1/cmss/bx/n on input line 40.
\symnumbers=\mathgroup6
\sympureletters=\mathgroup7
LaTeX Font Info:    Overwriting math alphabet `\mathrm' in version `normal'
(Font)                  OT1/cmss/m/n --> OT1/cmr/m/n on input line 40.
LaTeX Font Info:    Redeclaring math alphabet \mathbf on input line 40.
LaTeX Font Info:    Overwriting math alphabet `\mathbf' in version `normal'
(Font)                  OT1/cmr/bx/n --> OT1/cmss/bx/n on input line 40.
LaTeX Font Info:    Overwriting math alphabet `\mathbf' in version `bold'
(Font)                  OT1/cmr/bx/n --> OT1/cmss/bx/n on input line 40.
LaTeX Font Info:    Redeclaring math alphabet \mathsf on input line 40.
LaTeX Font Info:    Overwriting math alphabet `\mathsf' in version `normal'
(Font)                  OT1/cmss/m/n --> OT1/cmss/m/n on input line 40.
LaTeX Font Info:    Overwriting math alphabet `\mathsf' in version `bold'
(Font)                  OT1/cmss/bx/n --> OT1/cmss/m/n on input line 40.
LaTeX Font Info:    Redeclaring math alphabet \mathit on input line 40.
LaTeX Font Info:    Overwriting math alphabet `\mathit' in version `normal'
(Font)                  OT1/cmr/m/it --> OT1/cmss/m/it on input line 40.
LaTeX Font Info:    Overwriting math alphabet `\mathit' in version `bold'
(Font)                  OT1/cmr/bx/it --> OT1/cmss/m/it on input line 40.
LaTeX Font Info:    Redeclaring math alphabet \mathtt on input line 40.
LaTeX Font Info:    Overwriting math alphabet `\mathtt' in version `normal'
(Font)                  OT1/cmtt/m/n --> OT1/cmtt/m/n on input line 40.
LaTeX Font Info:    Overwriting math alphabet `\mathtt' in version `bold'
(Font)                  OT1/cmtt/m/n --> OT1/cmtt/m/n on input line 40.
LaTeX Font Info:    Overwriting symbol font `numbers' in version `bold'
(Font)                  OT1/cmss/m/n --> OT1/cmss/bx/n on input line 40.
LaTeX Font Info:    Overwriting symbol font `pureletters' in version `bold'
(Font)                  OT1/cmss/m/it --> OT1/cmss/bx/it on input line 40.
LaTeX Font Info:    Overwriting math alphabet `\mathrm' in version `bold'
(Font)                  OT1/cmss/bx/n --> OT1/cmr/bx/n on input line 40.
LaTeX Font Info:    Overwriting math alphabet `\mathbf' in version `bold'
(Font)                  OT1/cmss/bx/n --> OT1/cmss/bx/n on input line 40.
LaTeX Font Info:    Overwriting math alphabet `\mathsf' in version `bold'
(Font)                  OT1/cmss/m/n --> OT1/cmss/bx/n on input line 40.
LaTeX Font Info:    Overwriting math alphabet `\mathit' in version `bold'
(Font)                  OT1/cmss/m/it --> OT1/cmss/bx/it on input line 40.
LaTeX Font Info:    Overwriting math alphabet `\mathtt' in version `bold'
(Font)                  OT1/cmtt/m/n --> OT1/cmtt/bx/n on input line 40.
LaTeX Font Info:    Redeclaring symbol font `pureletters' on input line 40.
LaTeX Font Info:    Overwriting symbol font `pureletters' in version `normal'
(Font)                  OT1/cmss/m/it --> OT1/mathkerncmss/m/sl on input line 4
0.
LaTeX Font Info:    Overwriting symbol font `pureletters' in version `bold'
(Font)                  OT1/cmss/bx/it --> OT1/mathkerncmss/m/sl on input line 
40.
LaTeX Font Info:    Overwriting symbol font `pureletters' in version `bold'
(Font)                  OT1/mathkerncmss/m/sl --> OT1/mathkerncmss/bx/sl on inp
ut line 40.

(C:\Users\AdrianBostelmann\AppData\Roaming\MiKTeX\2.9\tex/latex/translator\tran
slator-basic-dictionary-English.dict
Dictionary: translator-basic-dictionary, Language: English 
)
(C:\Users\AdrianBostelmann\AppData\Roaming\MiKTeX\2.9\tex/latex/translator\tran
slator-bibliography-dictionary-English.dict
Dictionary: translator-bibliography-dictionary, Language: English 
)
(C:\Users\AdrianBostelmann\AppData\Roaming\MiKTeX\2.9\tex/latex/translator\tran
slator-environment-dictionary-English.dict
Dictionary: translator-environment-dictionary, Language: English 
)
(C:\Users\AdrianBostelmann\AppData\Roaming\MiKTeX\2.9\tex/latex/translator\tran
slator-months-dictionary-English.dict
Dictionary: translator-months-dictionary, Language: English 
)
(C:\Users\AdrianBostelmann\AppData\Roaming\MiKTeX\2.9\tex/latex/translator\tran
slator-numbers-dictionary-English.dict
Dictionary: translator-numbers-dictionary, Language: English 
)
(C:\Users\AdrianBostelmann\AppData\Roaming\MiKTeX\2.9\tex/latex/translator\tran
slator-theorem-dictionary-English.dict
Dictionary: translator-theorem-dictionary, Language: English 
)
(C:/git\ws2019\IS\project\auxil\presentation.nav)
<../../resources/Haw_logo.png, id=84, 301.125pt x 110.4125pt>
File: ../../resources/Haw_logo.png Graphic file (type png)
<use ../../resources/Haw_logo.png>
Package pdftex.def Info: ../../resources/Haw_logo.png  used on input line 42.
(pdftex.def)             Requested size: 108.12054pt x 39.644pt.
<../../resources/fakultaet.PNG, id=85, 270.25969pt x 21.07875pt>
File: ../../resources/fakultaet.PNG Graphic file (type png)
<use ../../resources/fakultaet.PNG>
Package pdftex.def Info: ../../resources/fakultaet.PNG  used on input line 42.
(pdftex.def)             Requested size: 142.26378pt x 11.09608pt.
 [1{C:/Users/AdrianBostelmann/AppData/Local/MiKTeX/2.9/pdftex/config/pdftex.map
}

 <../../resources/Haw_logo.png (PNG copy)> <../../resources/fakultaet.PNG>]
(C:/git\ws2019\IS\project\auxil\presentation.toc) [2

]
(C:/git\ws2019\IS\project\auxil\presentation.toc) [3

]
LaTeX Font Info:    Trying to load font information for U+msa on input line 76.


("C:\Program Files\MiKTeX 2.9\tex/latex/amsfonts\umsa.fd"
File: umsa.fd 2013/01/14 v3.01 AMS symbols A
)
LaTeX Font Info:    Trying to load font information for U+msb on input line 76.


("C:\Program Files\MiKTeX 2.9\tex/latex/amsfonts\umsb.fd"
File: umsb.fd 2013/01/14 v3.01 AMS symbols B
)
LaTeX Font Info:    Trying to load font information for OT1+mathkerncmss on inp
ut line 76.

(C:\Users\AdrianBostelmann\AppData\Roaming\MiKTeX\2.9\tex/latex/sansmathaccent\
ot1mathkerncmss.fd
File: ot1mathkerncmss.fd 2013/03/27 Fontinst v1.933 font definitions for OT1/ma
thkerncmss.
) [4

] [5

]

presentation.tex:113: Package xcolor Error: Undefined color `processblue'.

See the xcolor package documentation for explanation.
Type  H <return>  for immediate help.
 ...                                              
                                                  
l.113     }
           
Try typing  <return>  to proceed.
If that doesn't work, type  X <return>  to quit.


presentation.tex:113: Package pgfkeys Error: I do not know the key '/tikz/proce
ssblue' and I am going to ignore it. Perhaps you misspelled it.

See the pgfkeys package documentation for explanation.
Type  H <return>  for immediate help.
 ...                                              
                                                  
l.113     }
           
This error message was generated by an \errmessage
command, so I can't give any explicit help.
Pretend that you're Hercule Poirot: Examine all clues,
and deduce the truth by order and method.


presentation.tex:113: Package xcolor Error: Undefined color `processblue'.

See the xcolor package documentation for explanation.
Type  H <return>  for immediate help.
 ...                                              
                                                  
l.113     }
           
Try typing  <return>  to proceed.
If that doesn't work, type  X <return>  to quit.


presentation.tex:113: Package pgfkeys Error: I do not know the key '/tikz/proce
ssblue' and I am going to ignore it. Perhaps you misspelled it.

See the pgfkeys package documentation for explanation.
Type  H <return>  for immediate help.
 ...                                              
                                                  
l.113     }
           
(That was another \errmessage.)


presentation.tex:113: Package xcolor Error: Undefined color `processblue'.

See the xcolor package documentation for explanation.
Type  H <return>  for immediate help.
 ...                                              
                                                  
l.113     }
           
Try typing  <return>  to proceed.
If that doesn't work, type  X <return>  to quit.


presentation.tex:113: Package pgfkeys Error: I do not know the key '/tikz/proce
ssblue' and I am going to ignore it. Perhaps you misspelled it.

See the pgfkeys package documentation for explanation.
Type  H <return>  for immediate help.
 ...                                              
                                                  
l.113     }
           
(That was another \errmessage.)


presentation.tex:113: Package xcolor Error: Undefined color `processblue'.

See the xcolor package documentation for explanation.
Type  H <return>  for immediate help.
 ...                                              
                                                  
l.113     }
           
Try typing  <return>  to proceed.
If that doesn't work, type  X <return>  to quit.


presentation.tex:113: Package pgfkeys Error: I do not know the key '/tikz/proce
ssblue' and I am going to ignore it. Perhaps you misspelled it.

See the pgfkeys package documentation for explanation.
Type  H <return>  for immediate help.
 ...                                              
                                                  
l.113     }
           
(That was another \errmessage.)


presentation.tex:113: Package xcolor Error: Undefined color `processblue'.

See the xcolor package documentation for explanation.
Type  H <return>  for immediate help.
 ...                                              
                                                  
l.113     }
           
Try typing  <return>  to proceed.
If that doesn't work, type  X <return>  to quit.


presentation.tex:113: Package pgfkeys Error: I do not know the key '/tikz/proce
ssblue' and I am going to ignore it. Perhaps you misspelled it.

See the pgfkeys package documentation for explanation.
Type  H <return>  for immediate help.
 ...                                              
                                                  
l.113     }
           
(That was another \errmessage.)

[6

]

presentation.tex:132: Package xcolor Error: Undefined color `processblue'.

See the xcolor package documentation for explanation.
Type  H <return>  for immediate help.
 ...                                              
                                                  
l.132     }
           
Try typing  <return>  to proceed.
If that doesn't work, type  X <return>  to quit.


presentation.tex:132: Package pgfkeys Error: I do not know the key '/tikz/proce
ssblue' and I am going to ignore it. Perhaps you misspelled it.

See the pgfkeys package documentation for explanation.
Type  H <return>  for immediate help.
 ...                                              
                                                  
l.132     }
           
(That was another \errmessage.)


presentation.tex:132: Package xcolor Error: Undefined color `processblue'.

See the xcolor package documentation for explanation.
Type  H <return>  for immediate help.
 ...                                              
                                                  
l.132     }
           
Try typing  <return>  to proceed.
If that doesn't work, type  X <return>  to quit.


presentation.tex:132: Package pgfkeys Error: I do not know the key '/tikz/proce
ssblue' and I am going to ignore it. Perhaps you misspelled it.

See the pgfkeys package documentation for explanation.
Type  H <return>  for immediate help.
 ...                                              
                                                  
l.132     }
           
(That was another \errmessage.)


presentation.tex:132: Package xcolor Error: Undefined color `processblue'.

See the xcolor package documentation for explanation.
Type  H <return>  for immediate help.
 ...                                              
                                                  
l.132     }
           
Try typing  <return>  to proceed.
If that doesn't work, type  X <return>  to quit.


presentation.tex:132: Package pgfkeys Error: I do not know the key '/tikz/proce
ssblue' and I am going to ignore it. Perhaps you misspelled it.

See the pgfkeys package documentation for explanation.
Type  H <return>  for immediate help.
 ...                                              
                                                  
l.132     }
           
(That was another \errmessage.)


presentation.tex:132: Package xcolor Error: Undefined color `processblue'.

See the xcolor package documentation for explanation.
Type  H <return>  for immediate help.
 ...                                              
                                                  
l.132     }
           
Try typing  <return>  to proceed.
If that doesn't work, type  X <return>  to quit.


presentation.tex:132: Package pgfkeys Error: I do not know the key '/tikz/proce
ssblue' and I am going to ignore it. Perhaps you misspelled it.

See the pgfkeys package documentation for explanation.
Type  H <return>  for immediate help.
 ...                                              
                                                  
l.132     }
           
(That was another \errmessage.)


presentation.tex:132: Package xcolor Error: Undefined color `processblue'.

See the xcolor package documentation for explanation.
Type  H <return>  for immediate help.
 ...                                              
                                                  
l.132     }
           
Try typing  <return>  to proceed.
If that doesn't work, type  X <return>  to quit.


presentation.tex:132: Package pgfkeys Error: I do not know the key '/tikz/proce
ssblue' and I am going to ignore it. Perhaps you misspelled it.

See the pgfkeys package documentation for explanation.
Type  H <return>  for immediate help.
 ...                                              
                                                  
l.132     }
           
(That was another \errmessage.)

[7

] [8

]
<../../resources/properties_algorithm.png, id=698, 488.57532pt x 321.45094pt>
File: ../../resources/properties_algorithm.png Graphic file (type png)
<use ../../resources/properties_algorithm.png>
Package pdftex.def Info: ../../resources/properties_algorithm.png  used on inpu
t line 152.
(pdftex.def)             Requested size: 284.52756pt x 187.20193pt.
 [9

 <../../resources/properties_algorithm.png>]
(C:/git\ws2019\IS\project\auxil\presentation.toc) [10

] [11

]
<../../resources/gehirn.png, id=911, 456.95718pt x 460.72125pt>
File: ../../resources/gehirn.png Graphic file (type png)
<use ../../resources/gehirn.png>
Package pdftex.def Info: ../../resources/gehirn.png  used on input line 188.
(pdftex.def)             Requested size: 170.71652pt x 172.12328pt.
 [12

 <../../resources/gehirn.png>]
<../../resources/neuron.png, id=981, 553.31718pt x 265.74281pt>
File: ../../resources/neuron.png Graphic file (type png)
<use ../../resources/neuron.png>
Package pdftex.def Info: ../../resources/neuron.png  used on input line 202.
(pdftex.def)             Requested size: 227.62204pt x 109.32019pt.
 [13

 <../../resources/neuron.png>]
<../../resources/netz.png, id=1052, 371.88937pt x 200.24812pt>
File: ../../resources/netz.png Graphic file (type png)
<use ../../resources/netz.png>
Package pdftex.def Info: ../../resources/netz.png  used on input line 215.
(pdftex.def)             Requested size: 227.62204pt x 122.56978pt.
 [14

 <../../resources/netz.png>] [15

]
<../../resources/distanzfunktionen.png, id=1191, 420.06938pt x 110.66344pt>
File: ../../resources/distanzfunktionen.png Graphic file (type png)
<use ../../resources/distanzfunktionen.png>
Package pdftex.def Info: ../../resources/distanzfunktionen.png  used on input l
ine 236.
(pdftex.def)             Requested size: 284.52756pt x 74.95631pt.
 [16

 <../../resources/distanzfunktionen.png>] [17

]
presentation.tex:266: Double subscript.
\beamer@doifinframe ...} $\Delta W_j = \eta * h_c_
                                                  j * (x - W_j)$, mit \begin...
l.266     }
           
I treat `x_1_2' essentially like `x_1{}_2'.

presentation.tex:266: Double subscript.
\beamer@doifinframe ...begin {itemize} \item $h_c_
                                                  j$ als Nachbarschaftsfunkt...
l.266     }
           
I treat `x_1_2' essentially like `x_1{}_2'.


presentation.tex:266: LaTeX Error: There's no line here to end.

See the LaTeX manual or LaTeX Companion for explanation.
Type  H <return>  for immediate help.
 ...                                              
                                                  
l.266     }
           
Your command was ignored.
Type  I <command> <return>  to replace it with another command,
or  <return>  to continue without it.

presentation.tex:266: Double subscript.
\beamer@doifinframe ...hlt:\\~\\ $Zylinder: h_c_
                                                  j(z) = \begin {cases} 1 & ...
l.266     }
           
I treat `x_1_2' essentially like `x_1{}_2'.

[18

]
presentation.tex:279: Double subscript.
\beamer@doifinframe ...achbarschaftsfunktion $h_c_
                                                  j$, mit welcher Hammerform...
l.279     }
           
I treat `x_1_2' essentially like `x_1{}_2'.

[19

]
<../../resources/zoo_table.png, id=1476, 746.79pt x 453.94594pt>
File: ../../resources/zoo_table.png Graphic file (type png)
<use ../../resources/zoo_table.png>
Package pdftex.def Info: ../../resources/zoo_table.png  used on input line 288.

(pdftex.def)             Requested size: 284.52756pt x 172.95148pt.
 [20

 <../../resources/zoo_table.png>]
<../../resources/zoo.png, id=1546, 513.41812pt x 487.8225pt>
File: ../../resources/zoo.png Graphic file (type png)
<use ../../resources/zoo.png>
Package pdftex.def Info: ../../resources/zoo.png  used on input line 297.
(pdftex.def)             Requested size: 193.47882pt x 183.83365pt.

Overfull \vbox (4.5244pt too high) detected at line 297
 []

[21

 <../../resources/zoo.png>] [22

]
(C:/git\ws2019\IS\project\auxil\presentation.toc) [23

] [24

] [25

] [26

] [27

]
[28

]
<../../resources/prozess.png, id=2097, 430.60875pt x 549.55313pt>
File: ../../resources/prozess.png Graphic file (type png)
<use ../../resources/prozess.png>
Package pdftex.def Info: ../../resources/prozess.png  used on input line 398.
(pdftex.def)             Requested size: 142.26378pt x 181.56273pt.

Overfull \vbox (1.69792pt too high) detected at line 398
 []

[29

 <../../resources/prozess.png>] [30

] [31

] [32

]
<../../resources/features.png, id=2374, 856.70062pt x 489.32813pt>
File: ../../resources/features.png Graphic file (type png)
<use ../../resources/features.png>
Package pdftex.def Info: ../../resources/features.png  used on input line 450.
(pdftex.def)             Requested size: 307.28984pt x 175.51585pt.
 [33

 <../../resources/features.png>] [34

] [35

]
<../../resources/datasets.png, id=2580, 749.80125pt x 140.02313pt>
File: ../../resources/datasets.png Graphic file (type png)
<use ../../resources/datasets.png>
Package pdftex.def Info: ../../resources/datasets.png  used on input line 489.
(pdftex.def)             Requested size: 312.9803pt x 58.44823pt.

Overfull \hbox (5.69043pt too wide) in paragraph at lines 489--489
 [] 
 []

[36

 <../../resources/datasets.png>]
(C:/git\ws2019\IS\project\auxil\presentation.toc) [37

]
(C:/git\ws2019\IS\project\auxil\presentation.bbl
Overfull \hbox (160.33409pt too wide) in paragraph at lines 27--29
\OT1/cmtt/m/n/10.95 unfaelle-[]mit-[]selbstfahrenden-[]autos-[]wer-[]soll-[]leb
en-[]wer-[]soll-[]sterben-[]a-[]1234901 . 
 []


Overfull \hbox (17.15857pt too wide) in paragraph at lines 34--36
\OT1/cmtt/m/n/10.95 Genetic-[]Algorithm-[]for-[]the-[]Traveling-[]Salesman-[]Pr
oblem$[]\OT1/cmss/m/n/10.95 , 
 []

) [38

 <C:/Users/AdrianBostelmann/AppData/Roaming/MiKTeX/2.9/tex/latex/beamer/beameri
conarticle.pdf>] [39


] [40


] [41


] [42

]
\tf@nav=\write6
\openout6 = `presentation.nav'.

\tf@toc=\write7
\openout7 = `presentation.toc'.

\tf@snm=\write8
\openout8 = `presentation.snm'.

Package atveryend Info: Empty hook `BeforeClearDocument' on input line 513.
Package atveryend Info: Empty hook `AfterLastShipout' on input line 513.

(C:/git\ws2019\IS\project\auxil\presentation.aux)
Package atveryend Info: Executing hook `AtVeryEndDocument' on input line 513.
Package atveryend Info: Executing hook `AtEndAfterFileList' on input line 513.
Package rerunfilecheck Info: File `presentation.out' has not changed.
(rerunfilecheck)             Checksum: A2934A28BAA758BE3DE0547CEFE304B3;168.
 ) 
Here is how much of TeX's memory you used:
 21599 strings out of 492453
 430638 string characters out of 3129787
 527845 words of memory out of 3000000
 25314 multiletter control sequences out of 15000+200000
 15635 words of font info for 57 fonts, out of 3000000 for 9000
 1141 hyphenation exceptions out of 8191
 58i,20n,65p,801b,824s stack positions out of 5000i,500n,10000p,200000b,50000s
<C:/Program Files/MiKTeX 2.9/fonts/type1/public/amsfonts/cm/cmex10.pfb><C:/Pr
ogram Files/MiKTeX 2.9/fonts/type1/public/amsfonts/cm/cmmi10.pfb><C:/Program Fi
les/MiKTeX 2.9/fonts/type1/public/amsfonts/cm/cmss10.pfb><C:/Program Files/MiKT
eX 2.9/fonts/type1/public/amsfonts/cm/cmss12.pfb><C:/Program Files/MiKTeX 2.9/f
onts/type1/public/amsfonts/cm/cmss17.pfb><C:/Program Files/MiKTeX 2.9/fonts/typ
e1/public/amsfonts/cm/cmss8.pfb><C:/Program Files/MiKTeX 2.9/fonts/type1/public
/amsfonts/cm/cmssbx10.pfb><C:/Program Files/MiKTeX 2.9/fonts/type1/public/amsfo
nts/cm/cmssi10.pfb><C:/Program Files/MiKTeX 2.9/fonts/type1/public/amsfonts/cm/
cmssi8.pfb><C:/Program Files/MiKTeX 2.9/fonts/type1/public/amsfonts/cm/cmsy10.p
fb><C:/Program Files/MiKTeX 2.9/fonts/type1/public/amsfonts/cm/cmtt10.pfb><C:/P
rogram Files/MiKTeX 2.9/fonts/type1/public/amsfonts/cm/cmtt9.pfb>
Output written on C:/git\ws2019\IS\project\out\presentation.pdf (42 pages, 3085
542 bytes).
PDF statistics:
 3165 PDF objects out of 3580 (max. 8388607)
 98 named destinations out of 1000 (max. 500000)
 225 words of extra memory for PDF output out of 10000 (max. 10000000)

